[2022-02-22 15:18:39,491] INFO Starting the log cleaner (kafka.log.LogCleaner)
[2022-02-22 15:18:39,571] INFO [kafka-log-cleaner-thread-0]: Starting (kafka.log.LogCleaner)
[2022-02-22 17:36:52,626] INFO Shutting down the log cleaner. (kafka.log.LogCleaner)
[2022-02-22 17:36:52,630] INFO [kafka-log-cleaner-thread-0]: Shutting down (kafka.log.LogCleaner)
[2022-02-22 17:36:52,631] INFO [kafka-log-cleaner-thread-0]: Stopped (kafka.log.LogCleaner)
[2022-02-22 17:36:52,631] INFO [kafka-log-cleaner-thread-0]: Shutdown completed (kafka.log.LogCleaner)
[2022-02-22 17:37:51,949] INFO Starting the log cleaner (kafka.log.LogCleaner)
[2022-02-22 17:37:52,031] INFO [kafka-log-cleaner-thread-0]: Starting (kafka.log.LogCleaner)
[2022-02-22 19:48:13,783] INFO Shutting down the log cleaner. (kafka.log.LogCleaner)
[2022-02-22 19:48:13,787] INFO [kafka-log-cleaner-thread-0]: Shutting down (kafka.log.LogCleaner)
[2022-02-22 19:48:13,788] INFO [kafka-log-cleaner-thread-0]: Stopped (kafka.log.LogCleaner)
[2022-02-22 19:48:13,788] INFO [kafka-log-cleaner-thread-0]: Shutdown completed (kafka.log.LogCleaner)
[2022-02-23 11:45:30,807] INFO Starting the log cleaner (kafka.log.LogCleaner)
[2022-02-23 11:45:30,889] INFO [kafka-log-cleaner-thread-0]: Starting (kafka.log.LogCleaner)
[2022-02-23 13:14:19,049] INFO Shutting down the log cleaner. (kafka.log.LogCleaner)
[2022-02-23 13:14:19,052] INFO [kafka-log-cleaner-thread-0]: Shutting down (kafka.log.LogCleaner)
[2022-02-23 13:14:19,052] INFO [kafka-log-cleaner-thread-0]: Stopped (kafka.log.LogCleaner)
[2022-02-23 13:14:19,052] INFO [kafka-log-cleaner-thread-0]: Shutdown completed (kafka.log.LogCleaner)
[2022-02-24 09:10:54,676] INFO Starting the log cleaner (kafka.log.LogCleaner)
[2022-02-24 09:10:54,798] INFO [kafka-log-cleaner-thread-0]: Starting (kafka.log.LogCleaner)
[2022-02-24 09:48:26,322] ERROR Failed to access checkpoint file cleaner-offset-checkpoint in dir d:\trainingmaterial\kafka\logs (kafka.log.LogCleaner)
org.apache.kafka.common.errors.KafkaStorageException: Error while reading checkpoint file d:\trainingmaterial\kafka\logs\cleaner-offset-checkpoint
Caused by: java.nio.file.NoSuchFileException: d:\trainingmaterial\kafka\logs\cleaner-offset-checkpoint
	at sun.nio.fs.WindowsException.translateToIOException(Unknown Source)
	at sun.nio.fs.WindowsException.rethrowAsIOException(Unknown Source)
	at sun.nio.fs.WindowsException.rethrowAsIOException(Unknown Source)
	at sun.nio.fs.WindowsFileSystemProvider.newByteChannel(Unknown Source)
	at java.nio.file.Files.newByteChannel(Unknown Source)
	at java.nio.file.Files.newByteChannel(Unknown Source)
	at java.nio.file.spi.FileSystemProvider.newInputStream(Unknown Source)
	at java.nio.file.Files.newInputStream(Unknown Source)
	at java.nio.file.Files.newBufferedReader(Unknown Source)
	at java.nio.file.Files.newBufferedReader(Unknown Source)
	at kafka.server.checkpoints.CheckpointFile.liftedTree2$1(CheckpointFile.scala:127)
	at kafka.server.checkpoints.CheckpointFile.read(CheckpointFile.scala:126)
	at kafka.server.checkpoints.OffsetCheckpointFile.read(OffsetCheckpointFile.scala:69)
	at kafka.log.LogCleanerManager.$anonfun$allCleanerCheckpoints$2(LogCleanerManager.scala:134)
	at scala.collection.TraversableLike.$anonfun$flatMap$1(TraversableLike.scala:293)
	at scala.collection.Iterator.foreach(Iterator.scala:943)
	at scala.collection.Iterator.foreach$(Iterator.scala:943)
	at scala.collection.AbstractIterator.foreach(Iterator.scala:1431)
	at scala.collection.MapLike$DefaultValuesIterable.foreach(MapLike.scala:213)
	at scala.collection.TraversableLike.flatMap(TraversableLike.scala:293)
	at scala.collection.TraversableLike.flatMap$(TraversableLike.scala:290)
	at scala.collection.AbstractTraversable.flatMap(Traversable.scala:108)
	at kafka.log.LogCleanerManager.$anonfun$allCleanerCheckpoints$1(LogCleanerManager.scala:132)
	at kafka.log.LogCleanerManager.allCleanerCheckpoints(LogCleanerManager.scala:140)
	at kafka.log.LogCleanerManager.$anonfun$grabFilthiestCompactedLog$1(LogCleanerManager.scala:171)
	at kafka.log.LogCleanerManager.grabFilthiestCompactedLog(LogCleanerManager.scala:168)
	at kafka.log.LogCleaner$CleanerThread.cleanFilthiestLog(LogCleaner.scala:345)
	at kafka.log.LogCleaner$CleanerThread.tryCleanFilthiestLog(LogCleaner.scala:332)
	at kafka.log.LogCleaner$CleanerThread.doWork(LogCleaner.scala:321)
	at kafka.utils.ShutdownableThread.run(ShutdownableThread.scala:96)
[2022-03-04 13:05:13,496] INFO Starting the log cleaner (kafka.log.LogCleaner)
[2022-03-04 13:05:13,630] INFO [kafka-log-cleaner-thread-0]: Starting (kafka.log.LogCleaner)
[2022-03-08 13:43:37,780] INFO Starting the log cleaner (kafka.log.LogCleaner)
[2022-03-08 13:43:37,901] INFO [kafka-log-cleaner-thread-0]: Starting (kafka.log.LogCleaner)
[2022-03-09 19:44:25,970] INFO Starting the log cleaner (kafka.log.LogCleaner)
[2022-03-09 19:44:26,287] INFO [kafka-log-cleaner-thread-0]: Starting (kafka.log.LogCleaner)
[2022-03-09 19:44:36,765] INFO Shutting down the log cleaner. (kafka.log.LogCleaner)
[2022-03-09 19:44:36,766] INFO [kafka-log-cleaner-thread-0]: Shutting down (kafka.log.LogCleaner)
[2022-03-09 19:44:36,766] INFO [kafka-log-cleaner-thread-0]: Stopped (kafka.log.LogCleaner)
[2022-03-09 19:44:36,766] INFO [kafka-log-cleaner-thread-0]: Shutdown completed (kafka.log.LogCleaner)
[2022-03-09 19:46:10,820] INFO Starting the log cleaner (kafka.log.LogCleaner)
[2022-03-09 19:46:11,025] INFO [kafka-log-cleaner-thread-0]: Starting (kafka.log.LogCleaner)
[2022-03-09 22:25:00,582] INFO Shutting down the log cleaner. (kafka.log.LogCleaner)
[2022-03-09 22:25:00,640] INFO [kafka-log-cleaner-thread-0]: Shutting down (kafka.log.LogCleaner)
[2022-03-09 22:25:00,641] INFO [kafka-log-cleaner-thread-0]: Stopped (kafka.log.LogCleaner)
[2022-03-09 22:25:00,645] INFO [kafka-log-cleaner-thread-0]: Shutdown completed (kafka.log.LogCleaner)
[2022-03-15 12:14:58,900] INFO Starting the log cleaner (kafka.log.LogCleaner)
[2022-03-15 12:14:59,043] INFO [kafka-log-cleaner-thread-0]: Starting (kafka.log.LogCleaner)
[2022-03-16 15:41:07,843] INFO Starting the log cleaner (kafka.log.LogCleaner)
[2022-03-16 15:41:07,926] INFO [kafka-log-cleaner-thread-0]: Starting (kafka.log.LogCleaner)
[2022-03-16 15:43:03,685] INFO Starting the log cleaner (kafka.log.LogCleaner)
[2022-03-16 15:43:03,749] INFO [kafka-log-cleaner-thread-0]: Starting (kafka.log.LogCleaner)
[2022-03-16 16:34:56,330] INFO Shutting down the log cleaner. (kafka.log.LogCleaner)
[2022-03-16 16:34:56,333] INFO [kafka-log-cleaner-thread-0]: Shutting down (kafka.log.LogCleaner)
[2022-03-16 16:34:56,333] INFO [kafka-log-cleaner-thread-0]: Stopped (kafka.log.LogCleaner)
[2022-03-16 16:34:56,333] INFO [kafka-log-cleaner-thread-0]: Shutdown completed (kafka.log.LogCleaner)
[2022-03-16 21:14:35,245] INFO Starting the log cleaner (kafka.log.LogCleaner)
[2022-03-16 21:14:35,333] INFO [kafka-log-cleaner-thread-0]: Starting (kafka.log.LogCleaner)
[2022-03-16 21:52:10,896] INFO Shutting down the log cleaner. (kafka.log.LogCleaner)
[2022-03-16 21:52:10,896] INFO [kafka-log-cleaner-thread-0]: Shutting down (kafka.log.LogCleaner)
[2022-03-16 21:52:10,897] INFO [kafka-log-cleaner-thread-0]: Stopped (kafka.log.LogCleaner)
[2022-03-16 21:52:10,897] INFO [kafka-log-cleaner-thread-0]: Shutdown completed (kafka.log.LogCleaner)
[2022-03-17 15:33:51,127] INFO Starting the log cleaner (kafka.log.LogCleaner)
[2022-03-17 15:33:51,194] INFO [kafka-log-cleaner-thread-0]: Starting (kafka.log.LogCleaner)
[2022-03-17 15:50:04,097] INFO Starting the log cleaner (kafka.log.LogCleaner)
[2022-03-17 15:50:04,258] INFO [kafka-log-cleaner-thread-0]: Starting (kafka.log.LogCleaner)
[2022-03-17 16:33:32,233] INFO Starting the log cleaner (kafka.log.LogCleaner)
[2022-03-17 16:33:32,305] INFO [kafka-log-cleaner-thread-0]: Starting (kafka.log.LogCleaner)
[2022-03-17 16:36:53,096] INFO Starting the log cleaner (kafka.log.LogCleaner)
[2022-03-17 16:36:53,182] INFO [kafka-log-cleaner-thread-0]: Starting (kafka.log.LogCleaner)
[2022-03-17 16:37:47,083] INFO Starting the log cleaner (kafka.log.LogCleaner)
[2022-03-17 16:37:47,147] INFO [kafka-log-cleaner-thread-0]: Starting (kafka.log.LogCleaner)
[2022-03-17 16:39:10,531] INFO Starting the log cleaner (kafka.log.LogCleaner)
[2022-03-17 16:39:10,606] INFO [kafka-log-cleaner-thread-0]: Starting (kafka.log.LogCleaner)
[2022-03-17 16:44:06,107] INFO Starting the log cleaner (kafka.log.LogCleaner)
[2022-03-17 16:44:06,685] INFO [kafka-log-cleaner-thread-0]: Starting (kafka.log.LogCleaner)
[2022-03-17 16:48:03,580] INFO Starting the log cleaner (kafka.log.LogCleaner)
[2022-03-17 16:48:03,644] INFO [kafka-log-cleaner-thread-0]: Starting (kafka.log.LogCleaner)
[2022-03-17 20:42:31,383] INFO Starting the log cleaner (kafka.log.LogCleaner)
[2022-03-17 20:42:32,752] INFO [kafka-log-cleaner-thread-0]: Starting (kafka.log.LogCleaner)
[2022-03-17 20:43:53,313] INFO Starting the log cleaner (kafka.log.LogCleaner)
[2022-03-17 20:43:53,657] INFO [kafka-log-cleaner-thread-0]: Starting (kafka.log.LogCleaner)
[2022-03-17 20:46:13,864] INFO Starting the log cleaner (kafka.log.LogCleaner)
[2022-03-17 20:46:14,308] INFO [kafka-log-cleaner-thread-0]: Starting (kafka.log.LogCleaner)
[2022-03-17 21:56:39,978] INFO Shutting down the log cleaner. (kafka.log.LogCleaner)
[2022-03-17 21:56:39,990] INFO [kafka-log-cleaner-thread-0]: Shutting down (kafka.log.LogCleaner)
[2022-03-17 21:56:39,991] INFO [kafka-log-cleaner-thread-0]: Stopped (kafka.log.LogCleaner)
[2022-03-17 21:56:39,992] INFO [kafka-log-cleaner-thread-0]: Shutdown completed (kafka.log.LogCleaner)
[2022-03-29 11:06:31,061] INFO Starting the log cleaner (kafka.log.LogCleaner)
[2022-03-29 11:06:31,218] INFO [kafka-log-cleaner-thread-0]: Starting (kafka.log.LogCleaner)
